<?xml version="1.0" encoding="UTF-8"?>
<testng-results ignored="0" total="2" passed="2" failed="0" skipped="0">
  <reporter-output>
  </reporter-output>
  <suite started-at="2025-09-06T09:16:28 GMT+03:00" name="DemoSuite" finished-at="2025-09-06T09:16:52 GMT+03:00" duration-ms="24757">
    <groups>
    </groups>
    <test started-at="2025-09-06T09:16:28 GMT+03:00" name="Login and Search Tests" finished-at="2025-09-06T09:16:52 GMT+03:00" duration-ms="24757">
      <class name="com.example.tests.LoginTest">
        <test-method is-config="true" signature="setUp()[pri:0, instance:com.example.tests.LoginTest@2c35e847]" started-at="2025-09-06T09:16:28 GMT+03:00" name="setUp" finished-at="2025-09-06T09:16:35 GMT+03:00" duration-ms="7535" status="PASS">
          <reporter-output>
          </reporter-output>
        </test-method> <!-- setUp -->
        <test-method signature="validLoginTest()[pri:0, instance:com.example.tests.LoginTest@2c35e847]" started-at="2025-09-06T09:16:35 GMT+03:00" name="validLoginTest" finished-at="2025-09-06T09:16:41 GMT+03:00" duration-ms="5488" status="PASS">
          <reporter-output>
          </reporter-output>
        </test-method> <!-- validLoginTest -->
        <test-method is-config="true" signature="tearDown()[pri:0, instance:com.example.tests.LoginTest@2c35e847]" started-at="2025-09-06T09:16:41 GMT+03:00" name="tearDown" finished-at="2025-09-06T09:16:41 GMT+03:00" duration-ms="288" status="PASS">
          <reporter-output>
          </reporter-output>
        </test-method> <!-- tearDown -->
      </class> <!-- com.example.tests.LoginTest -->
      <class name="com.example.tests.searchProduct">
        <test-method is-config="true" signature="setUp()[pri:0, instance:com.example.tests.searchProduct@23c30a20]" started-at="2025-09-06T09:16:41 GMT+03:00" name="setUp" finished-at="2025-09-06T09:16:47 GMT+03:00" duration-ms="5663" status="PASS">
          <reporter-output>
          </reporter-output>
        </test-method> <!-- setUp -->
        <test-method signature="validLoginTest()[pri:0, instance:com.example.tests.searchProduct@23c30a20]" started-at="2025-09-06T09:16:47 GMT+03:00" name="validLoginTest" finished-at="2025-09-06T09:16:52 GMT+03:00" duration-ms="5399" status="PASS">
          <reporter-output>
          </reporter-output>
        </test-method> <!-- validLoginTest -->
        <test-method is-config="true" signature="tearDown()[pri:0, instance:com.example.tests.searchProduct@23c30a20]" started-at="2025-09-06T09:16:52 GMT+03:00" name="tearDown" finished-at="2025-09-06T09:16:52 GMT+03:00" duration-ms="208" status="PASS">
          <reporter-output>
          </reporter-output>
        </test-method> <!-- tearDown -->
      </class> <!-- com.example.tests.searchProduct -->
    </test> <!-- Login and Search Tests -->
  </suite> <!-- DemoSuite -->
</testng-results>
