<?xml version="1.0" encoding="UTF-8"?>
<!-- Generated by org.testng.reporters.JUnitXMLReporter -->
<testsuite ignored="0" hostname="huawei_gr3_2017-bee0c5de7.home" failures="0" tests="2" name="Login and Search Tests" time="24.757" errors="0" timestamp="2025-09-06T09:16:52 GMT+03:00">
  <testcase classname="com.example.tests.LoginTest" name="validLoginTest" time="5.488"/>
  <testcase classname="com.example.tests.searchProduct" name="validLoginTest" time="5.399"/>
</testsuite> <!-- Login and Search Tests -->
