<?xml version="1.0" encoding="UTF-8"?>
<!-- Generated by org.testng.reporters.JUnitXMLReporter -->
<testsuite ignored="0" hostname="huawei_gr3_2017-bee0c5de7.home" failures="0" tests="2" name="Login and Search Tests" time="64.068" errors="0" timestamp="2025-09-07T14:51:24 EET">
  <testcase classname="com.example.tests.LoginTest" name="validLoginTest" time="13.095"/>
  <testcase classname="com.example.tests.searchProduct" name="validLoginTest" time="27.93"/>
</testsuite> <!-- Login and Search Tests -->
